2015-11-25 21:28:17 INFO: User guest logged in with id: 

2015-11-25 21:28:37 INFO: User guest logged in with id: 

2015-11-25 21:28:39 ERROR: User jfklsdj failed to logged in with id: 
2015-11-25 21:29:31 INFO: User guest logged in with id: 7206mp4ar54m4pqr9t2gqvqti5

2015-11-25 21:29:34 ERROR: User n,mn failed to logged in with id: 7206mp4ar54m4pqr9t2gqvqti5
2015-11-25 21:30:17 INFO: User guest logged in with id: 7206mp4ar54m4pqr9t2gqvqti5

2015-11-25 21:30:29 ERROR: User mnbmnb failed to logged in with id: 7206mp4ar54m4pqr9t2gqvqti5
2015-11-25 21:33:58 ERROR: User hjkhk failed to logged in with id: 7206mp4ar54m4pqr9t2gqvqti5
2015-11-25 21:34:37 INFO: User guest logged in with id: 7206mp4ar54m4pqr9t2gqvqti5

2015-11-25 21:35:53 ERROR: User Hello failed to logged in with id: 7206mp4ar54m4pqr9t2gqvqti5
2015-11-25 21:41:06 INFO: User guest logged in with id: 7206mp4ar54m4pqr9t2gqvqti5

2015-11-25 21:42:02 INFO: User guest logged in with id: 7206mp4ar54m4pqr9t2gqvqti5

2015-11-25 21:42:39 ERROR: User dksjfldj failed to logged in with id: 94sthqbq1ra4786f19vkmepru4
2015-11-25 21:42:48 INFO: User guest logged in with id: 94sthqbq1ra4786f19vkmepru4

2015-11-25 21:42:55 INFO: User guest logged in with id: 94sthqbq1ra4786f19vkmepru4

2015-11-25 21:43:56 INFO: User guest logged in with id: 46h7eb3h0sqb4ae7sq2dq199v6

2015-11-25 22:46:38 ERROR: User fjkdls failed to logged in with id: hsjp7ka4qqdli9ol9dh3q61bj1
2015-11-25 22:46:50 INFO: User guest logged in with id: hsjp7ka4qqdli9ol9dh3q61bj1

2015-11-25 22:49:23 ERROR: User sklfjsl failed to logged in with id: 16kru4f4glpd9p9mq7l9b0kph3
2015-11-25 22:49:32 INFO: User guest logged in with id: 16kru4f4glpd9p9mq7l9b0kph3

2015-11-25 22:50:53 INFO: User guest logged in with id: 3gjtkeorhva7r9aerj3bin8620

2015-11-25 22:51:55 INFO: User guest logged in with id: 4a7n3rpom5p83m2q91vg7r56p1

2015-11-25 22:53:09 INFO: User guest logged in with id: 7p8ftqnprcflhrqul790sfftt6

2015-11-25 22:54:26 ERROR: User jsdkfjsl failed to logged in with id: aj9rn0dcfg62akg0k4d51t74g7
2015-11-25 22:55:03 INFO: User guest logged in with id: aj9rn0dcfg62akg0k4d51t74g7

2015-11-25 22:55:19 ERROR: User .skfsdnf failed to logged in with id: aj9rn0dcfg62akg0k4d51t74g7
2015-11-25 22:55:27 INFO: User guest logged in with id: aj9rn0dcfg62akg0k4d51t74g7

2015-11-25 22:58:09 INFO: User guest logged in with id: aj9rn0dcfg62akg0k4d51t74g7

2015-11-25 22:58:12 ERROR: User mbmm failed to logged in with id: aj9rn0dcfg62akg0k4d51t74g7
2015-11-25 23:04:17 INFO: User guest logged in with id: aj9rn0dcfg62akg0k4d51t74g7

2015-11-25 23:05:25 ERROR: User lksdjf failed to logged in with id: aj9rn0dcfg62akg0k4d51t74g7
2015-11-25 23:05:34 INFO: User guest logged in with id: aj9rn0dcfg62akg0k4d51t74g7

2015-11-25 23:06:05 INFO: User guest logged in with id: aj9rn0dcfg62akg0k4d51t74g7

2015-11-25 23:07:54 INFO: User guest logged in with id: bjug5mgme554od5k28a4dn2bq0

2015-11-25 23:23:29 INFO: User guest logged in with id: 4i119k8vhllf06sd8650nmoce5

2015-11-25 23:23:39 ERROR: User slkfjslkdjf failed to logged in with id: rjeuiqkf83m1fki6u2gju617r4
